<?xml version="1.0" encoding="UTF-8"?>
<testng-results skipped="0" failed="0" ignored="0" total="1" passed="1">
  <reporter-output>
  </reporter-output>
  <suite name="Default suite" duration-ms="26572" started-at="2020-04-20T17:56:01 BRT" finished-at="2020-04-20T17:56:27 BRT">
    <groups>
      <group name="cucumber">
        <method signature="AbstractTestNGCucumberTests.runScenario(io.cucumber.testng.PickleWrapper, io.cucumber.testng.FeatureWrapper)[pri:0, instance:runnerFiles.RunTestNGTest@2833cc44]" name="runScenario" class="io.cucumber.testng.AbstractTestNGCucumberTests"/>
      </group> <!-- cucumber -->
    </groups>
    <test name="Default test" duration-ms="26572" started-at="2020-04-20T17:56:01 BRT" finished-at="2020-04-20T17:56:27 BRT">
      <class name="runnerFiles.RunTestNGTest">
        <test-method status="PASS" signature="setUpClass()[pri:0, instance:runnerFiles.RunTestNGTest@2833cc44]" name="setUpClass" is-config="true" duration-ms="247" started-at="2020-04-20T17:56:01 BRT" finished-at="2020-04-20T17:56:01 BRT">
          <reporter-output>
          </reporter-output>
        </test-method> <!-- setUpClass -->
        <test-method status="PASS" signature="runScenario(io.cucumber.testng.PickleWrapper, io.cucumber.testng.FeatureWrapper)[pri:0, instance:runnerFiles.RunTestNGTest@2833cc44]" name="runScenario" duration-ms="26156" started-at="2020-04-20T17:56:01 BRT" description="Runs Cucumber Scenarios" data-provider="scenarios" finished-at="2020-04-20T17:56:27 BRT">
          <params>
            <param index="0">
              <value>
                <![CDATA["logar criar conta no sistema e preencher o formulario"]]>
              </value>
            </param>
            <param index="1">
              <value>
                <![CDATA["Acessar o sistema web do phptravels e criar uma conta"]]>
              </value>
            </param>
          </params>
          <reporter-output>
          </reporter-output>
        </test-method> <!-- runScenario -->
        <test-method status="PASS" signature="tearDownClass()[pri:0, instance:runnerFiles.RunTestNGTest@2833cc44]" name="tearDownClass" is-config="true" duration-ms="75" started-at="2020-04-20T17:56:27 BRT" finished-at="2020-04-20T17:56:27 BRT">
          <reporter-output>
          </reporter-output>
        </test-method> <!-- tearDownClass -->
      </class> <!-- runnerFiles.RunTestNGTest -->
    </test> <!-- Default test -->
  </suite> <!-- Default suite -->
</testng-results>
